[debug] [2026-02-26T16:44:02.683Z] ----------------------------------------------------------------------
[debug] [2026-02-26T16:44:02.687Z] Command:       /usr/local/bin/node /usr/local/bin/firebase deploy
[debug] [2026-02-26T16:44:02.687Z] CLI Version:   15.5.1
[debug] [2026-02-26T16:44:02.687Z] Platform:      darwin
[debug] [2026-02-26T16:44:02.687Z] Node Version:  v20.11.0
[debug] [2026-02-26T16:44:02.688Z] Time:          Thu Feb 26 2026 11:44:02 GMT-0500 (Eastern Standard Time)
[debug] [2026-02-26T16:44:02.688Z] ----------------------------------------------------------------------
[debug] 
[debug] [2026-02-26T16:44:04.451Z] > command requires scopes: ["email","openid","https://www.googleapis.com/auth/cloudplatformprojects.readonly","https://www.googleapis.com/auth/firebase","https://www.googleapis.com/auth/cloud-platform"]
[debug] [2026-02-26T16:44:04.451Z] > authorizing via signed-in user (pratishshelar961992@gmail.com)
[debug] [2026-02-26T16:44:04.451Z] [iam] checking project realtor-c3a25 for permissions ["firebase.projects.get","firebasehosting.sites.update",null]
[debug] [2026-02-26T16:44:04.452Z] Checked if tokens are valid: true, expires at: 1772127320942
[debug] [2026-02-26T16:44:04.453Z] Checked if tokens are valid: true, expires at: 1772127320942
[debug] [2026-02-26T16:44:04.453Z] >>> [apiv2][query] POST https://cloudresourcemanager.googleapis.com/v1/projects/realtor-c3a25:testIamPermissions [none]
[debug] [2026-02-26T16:44:04.453Z] >>> [apiv2][(partial)header] POST https://cloudresourcemanager.googleapis.com/v1/projects/realtor-c3a25:testIamPermissions  x-goog-user-project=realtor-c3a25
[debug] [2026-02-26T16:44:04.454Z] >>> [apiv2][body] POST https://cloudresourcemanager.googleapis.com/v1/projects/realtor-c3a25:testIamPermissions {"permissions":["firebase.projects.get","firebasehosting.sites.update",null]}
[debug] [2026-02-26T16:44:05.902Z] <<< [apiv2][status] POST https://cloudresourcemanager.googleapis.com/v1/projects/realtor-c3a25:testIamPermissions 200
[debug] [2026-02-26T16:44:05.902Z] <<< [apiv2][body] POST https://cloudresourcemanager.googleapis.com/v1/projects/realtor-c3a25:testIamPermissions {"permissions":["firebase.projects.get","firebasehosting.sites.update"]}
[debug] [2026-02-26T16:44:05.903Z] [iam] error while checking permissions, command may fail: Authorization failed. This account is missing the following required permissions on project realtor-c3a25:

  
[debug] [2026-02-26T16:44:05.903Z] Checked if tokens are valid: true, expires at: 1772127320942
[debug] [2026-02-26T16:44:05.903Z] Checked if tokens are valid: true, expires at: 1772127320942
[debug] [2026-02-26T16:44:05.903Z] >>> [apiv2][query] GET https://firebase.googleapis.com/v1beta1/projects/realtor-c3a25 [none]
[debug] [2026-02-26T16:44:06.510Z] <<< [apiv2][status] GET https://firebase.googleapis.com/v1beta1/projects/realtor-c3a25 200
[debug] [2026-02-26T16:44:06.510Z] <<< [apiv2][body] GET https://firebase.googleapis.com/v1beta1/projects/realtor-c3a25 {"projectId":"realtor-c3a25","projectNumber":"795981954740","displayName":"Realtor","name":"projects/realtor-c3a25","resources":{"hostingSite":"realtor-c3a25"},"state":"ACTIVE","etag":"1_b5d6d059-e64c-4712-995a-5bdb7f3cf1cf"}
[info] 
[info] === Deploying to 'realtor-c3a25'...
[info] 
[info] i  deploying hosting, apphosting 
[debug] [2026-02-26T16:44:06.517Z] Checked if tokens are valid: true, expires at: 1772127320942
[debug] [2026-02-26T16:44:06.517Z] Checked if tokens are valid: true, expires at: 1772127320942
[debug] [2026-02-26T16:44:06.517Z] >>> [apiv2][query] POST https://firebasehosting.googleapis.com/v1beta1/projects/-/sites/realtor-c3a25/versions [none]
[debug] [2026-02-26T16:44:06.517Z] >>> [apiv2][body] POST https://firebasehosting.googleapis.com/v1beta1/projects/-/sites/realtor-c3a25/versions {"status":"CREATED","labels":{"deployment-tool":"cli-firebase"}}
[debug] [2026-02-26T16:44:08.749Z] <<< [apiv2][status] POST https://firebasehosting.googleapis.com/v1beta1/projects/-/sites/realtor-c3a25/versions 200
[debug] [2026-02-26T16:44:08.749Z] <<< [apiv2][body] POST https://firebasehosting.googleapis.com/v1beta1/projects/-/sites/realtor-c3a25/versions {"name":"projects/795981954740/sites/realtor-c3a25/versions/c343e5989e45ef35","status":"CREATED","config":{},"labels":{"deployment-tool":"cli-firebase"}}
[debug] [2026-02-26T16:44:08.750Z] Checked if tokens are valid: true, expires at: 1772127320942
[debug] [2026-02-26T16:44:08.750Z] Checked if tokens are valid: true, expires at: 1772127320942
[debug] [2026-02-26T16:44:08.750Z] >>> [apiv2][query] POST https://iam.googleapis.com/v1/projects/realtor-c3a25/serviceAccounts/firebase-app-hosting-compute@realtor-c3a25.iam.gserviceaccount.com:testIamPermissions [none]
[debug] [2026-02-26T16:44:08.751Z] >>> [apiv2][(partial)header] POST https://iam.googleapis.com/v1/projects/realtor-c3a25/serviceAccounts/firebase-app-hosting-compute@realtor-c3a25.iam.gserviceaccount.com:testIamPermissions  x-goog-user-project=realtor-c3a25
[debug] [2026-02-26T16:44:08.751Z] >>> [apiv2][body] POST https://iam.googleapis.com/v1/projects/realtor-c3a25/serviceAccounts/firebase-app-hosting-compute@realtor-c3a25.iam.gserviceaccount.com:testIamPermissions {"permissions":["iam.serviceAccounts.actAs"]}
[debug] [2026-02-26T16:44:10.564Z] <<< [apiv2][status] POST https://iam.googleapis.com/v1/projects/realtor-c3a25/serviceAccounts/firebase-app-hosting-compute@realtor-c3a25.iam.gserviceaccount.com:testIamPermissions 200
[debug] [2026-02-26T16:44:10.564Z] <<< [apiv2][body] POST https://iam.googleapis.com/v1/projects/realtor-c3a25/serviceAccounts/firebase-app-hosting-compute@realtor-c3a25.iam.gserviceaccount.com:testIamPermissions {"permissions":["iam.serviceAccounts.actAs"]}
[debug] [2026-02-26T16:44:10.565Z] Checked if tokens are valid: true, expires at: 1772127320942
[debug] [2026-02-26T16:44:10.565Z] Checked if tokens are valid: true, expires at: 1772127320942
[debug] [2026-02-26T16:44:10.565Z] >>> [apiv2][query] POST https://iam.googleapis.com/v1/projects/realtor-c3a25/serviceAccounts [none]
[debug] [2026-02-26T16:44:10.565Z] >>> [apiv2][body] POST https://iam.googleapis.com/v1/projects/realtor-c3a25/serviceAccounts {"accountId":"firebase-app-hosting-compute","serviceAccount":{"displayName":"Firebase App Hosting compute service account","description":"Default service account used to run builds and deploys for Firebase App Hosting"}}
[debug] [2026-02-26T16:44:12.415Z] <<< [apiv2][status] POST https://iam.googleapis.com/v1/projects/realtor-c3a25/serviceAccounts 409
[debug] [2026-02-26T16:44:12.415Z] <<< [apiv2][body] POST https://iam.googleapis.com/v1/projects/realtor-c3a25/serviceAccounts [omitted]
[debug] [2026-02-26T16:44:12.417Z] Checked if tokens are valid: true, expires at: 1772127320942
[debug] [2026-02-26T16:44:12.417Z] Checked if tokens are valid: true, expires at: 1772127320942
[debug] [2026-02-26T16:44:12.418Z] >>> [apiv2][query] POST https://cloudresourcemanager.googleapis.com/v1/projects/realtor-c3a25:getIamPolicy [none]
[debug] [2026-02-26T16:44:13.922Z] <<< [apiv2][status] POST https://cloudresourcemanager.googleapis.com/v1/projects/realtor-c3a25:getIamPolicy 200
[debug] [2026-02-26T16:44:13.922Z] <<< [apiv2][body] POST https://cloudresourcemanager.googleapis.com/v1/projects/realtor-c3a25:getIamPolicy {"version":1,"etag":"BwZLvLVgj8A=","bindings":[{"role":"roles/artifactregistry.serviceAgent","members":["serviceAccount:service-795981954740@gcp-sa-artifactregistry.iam.gserviceaccount.com"]},{"role":"roles/cloudbuild.builds.builder","members":["serviceAccount:795981954740@cloudbuild.gserviceaccount.com"]},{"role":"roles/cloudbuild.serviceAgent","members":["serviceAccount:service-795981954740@gcp-sa-cloudbuild.iam.gserviceaccount.com"]},{"role":"roles/containerregistry.ServiceAgent","members":["serviceAccount:service-795981954740@containerregistry.iam.gserviceaccount.com"]},{"role":"roles/developerconnect.readTokenAccessor","members":["serviceAccount:firebase-app-hosting-compute@realtor-c3a25.iam.gserviceaccount.com"]},{"role":"roles/developerconnect.serviceAgent","members":["serviceAccount:service-795981954740@gcp-sa-devconnect.iam.gserviceaccount.com"]},{"role":"roles/editor","members":["serviceAccount:795981954740-compute@developer.gserviceaccount.com"]},{"role":"roles/firebase.managementServiceAgent","members":["serviceAccount:service-795981954740@gcp-sa-firebase.iam.gserviceaccount.com"]},{"role":"roles/firebase.sdkAdminServiceAgent","members":["serviceAccount:firebase-adminsdk-fbsvc@realtor-c3a25.iam.gserviceaccount.com","serviceAccount:firebase-app-hosting-compute@realtor-c3a25.iam.gserviceaccount.com"]},{"role":"roles/firebaseappcheck.admin","members":["serviceAccount:firebase-adminsdk-fbsvc@realtor-c3a25.iam.gserviceaccount.com"]},{"role":"roles/firebaseapphosting.computeRunner","members":["serviceAccount:firebase-app-hosting-compute@realtor-c3a25.iam.gserviceaccount.com"]},{"role":"roles/firebaseapphosting.serviceAgent","members":["serviceAccount:service-795981954740@gcp-sa-firebaseapphosting.iam.gserviceaccount.com"]},{"role":"roles/firebaserules.system","members":["serviceAccount:service-795981954740@firebase-rules.iam.gserviceaccount.com"]},{"role":"roles/firestore.serviceAgent","members":["serviceAccount:service-795981954740@gcp-sa-firestore.iam.gserviceaccount.com"]},{"role":"roles/iam.serviceAccountTokenCreator","members":["serviceAccount:firebase-adminsdk-fbsvc@realtor-c3a25.iam.gserviceaccount.com"]},{"role":"roles/owner","members":["user:pratishshelar961992@gmail.com"]},{"role":"roles/run.serviceAgent","members":["serviceAccount:service-795981954740@serverless-robot-prod.iam.gserviceaccount.com"]},{"role":"roles/secretmanager.admin_withcond_c5502839531c9b0b1415","members":["serviceAccount:service-795981954740@gcp-sa-devconnect.iam.gserviceaccount.com"]},{"role":"roles/storage.objectViewer","members":["serviceAccount:firebase-app-hosting-compute@realtor-c3a25.iam.gserviceaccount.com"]}]}
[debug] [2026-02-26T16:44:13.923Z] Checked if tokens are valid: true, expires at: 1772127320942
[debug] [2026-02-26T16:44:13.923Z] Checked if tokens are valid: true, expires at: 1772127320942
[debug] [2026-02-26T16:44:13.923Z] >>> [apiv2][query] POST https://cloudresourcemanager.googleapis.com/v1/projects/realtor-c3a25:setIamPolicy [none]
[debug] [2026-02-26T16:44:13.923Z] >>> [apiv2][body] POST https://cloudresourcemanager.googleapis.com/v1/projects/realtor-c3a25:setIamPolicy {"policy":{"version":1,"etag":"BwZLvLVgj8A=","bindings":[{"role":"roles/artifactregistry.serviceAgent","members":["serviceAccount:service-795981954740@gcp-sa-artifactregistry.iam.gserviceaccount.com"]},{"role":"roles/cloudbuild.builds.builder","members":["serviceAccount:795981954740@cloudbuild.gserviceaccount.com"]},{"role":"roles/cloudbuild.serviceAgent","members":["serviceAccount:service-795981954740@gcp-sa-cloudbuild.iam.gserviceaccount.com"]},{"role":"roles/containerregistry.ServiceAgent","members":["serviceAccount:service-795981954740@containerregistry.iam.gserviceaccount.com"]},{"role":"roles/developerconnect.readTokenAccessor","members":["serviceAccount:firebase-app-hosting-compute@realtor-c3a25.iam.gserviceaccount.com"]},{"role":"roles/developerconnect.serviceAgent","members":["serviceAccount:service-795981954740@gcp-sa-devconnect.iam.gserviceaccount.com"]},{"role":"roles/editor","members":["serviceAccount:795981954740-compute@developer.gserviceaccount.com"]},{"role":"roles/firebase.managementServiceAgent","members":["serviceAccount:service-795981954740@gcp-sa-firebase.iam.gserviceaccount.com"]},{"role":"roles/firebase.sdkAdminServiceAgent","members":["serviceAccount:firebase-adminsdk-fbsvc@realtor-c3a25.iam.gserviceaccount.com","serviceAccount:firebase-app-hosting-compute@realtor-c3a25.iam.gserviceaccount.com"]},{"role":"roles/firebaseappcheck.admin","members":["serviceAccount:firebase-adminsdk-fbsvc@realtor-c3a25.iam.gserviceaccount.com"]},{"role":"roles/firebaseapphosting.computeRunner","members":["serviceAccount:firebase-app-hosting-compute@realtor-c3a25.iam.gserviceaccount.com"]},{"role":"roles/firebaseapphosting.serviceAgent","members":["serviceAccount:service-795981954740@gcp-sa-firebaseapphosting.iam.gserviceaccount.com"]},{"role":"roles/firebaserules.system","members":["serviceAccount:service-795981954740@firebase-rules.iam.gserviceaccount.com"]},{"role":"roles/firestore.serviceAgent","members":["serviceAccount:service-795981954740@gcp-sa-firestore.iam.gserviceaccount.com"]},{"role":"roles/iam.serviceAccountTokenCreator","members":["serviceAccount:firebase-adminsdk-fbsvc@realtor-c3a25.iam.gserviceaccount.com"]},{"role":"roles/owner","members":["user:pratishshelar961992@gmail.com"]},{"role":"roles/run.serviceAgent","members":["serviceAccount:service-795981954740@serverless-robot-prod.iam.gserviceaccount.com"]},{"role":"roles/secretmanager.admin_withcond_c5502839531c9b0b1415","members":["serviceAccount:service-795981954740@gcp-sa-devconnect.iam.gserviceaccount.com"]},{"role":"roles/storage.objectViewer","members":["serviceAccount:firebase-app-hosting-compute@realtor-c3a25.iam.gserviceaccount.com"]}]},"updateMask":"bindings"}
[debug] [2026-02-26T16:44:15.154Z] <<< [apiv2][status] POST https://cloudresourcemanager.googleapis.com/v1/projects/realtor-c3a25:setIamPolicy 200
[debug] [2026-02-26T16:44:15.154Z] <<< [apiv2][body] POST https://cloudresourcemanager.googleapis.com/v1/projects/realtor-c3a25:setIamPolicy {"version":1,"etag":"BwZLvNS4VsQ=","bindings":[{"role":"roles/artifactregistry.serviceAgent","members":["serviceAccount:service-795981954740@gcp-sa-artifactregistry.iam.gserviceaccount.com"]},{"role":"roles/cloudbuild.builds.builder","members":["serviceAccount:795981954740@cloudbuild.gserviceaccount.com"]},{"role":"roles/cloudbuild.serviceAgent","members":["serviceAccount:service-795981954740@gcp-sa-cloudbuild.iam.gserviceaccount.com"]},{"role":"roles/containerregistry.ServiceAgent","members":["serviceAccount:service-795981954740@containerregistry.iam.gserviceaccount.com"]},{"role":"roles/developerconnect.readTokenAccessor","members":["serviceAccount:firebase-app-hosting-compute@realtor-c3a25.iam.gserviceaccount.com"]},{"role":"roles/developerconnect.serviceAgent","members":["serviceAccount:service-795981954740@gcp-sa-devconnect.iam.gserviceaccount.com"]},{"role":"roles/editor","members":["serviceAccount:795981954740-compute@developer.gserviceaccount.com"]},{"role":"roles/firebase.managementServiceAgent","members":["serviceAccount:service-795981954740@gcp-sa-firebase.iam.gserviceaccount.com"]},{"role":"roles/firebase.sdkAdminServiceAgent","members":["serviceAccount:firebase-adminsdk-fbsvc@realtor-c3a25.iam.gserviceaccount.com","serviceAccount:firebase-app-hosting-compute@realtor-c3a25.iam.gserviceaccount.com"]},{"role":"roles/firebaseappcheck.admin","members":["serviceAccount:firebase-adminsdk-fbsvc@realtor-c3a25.iam.gserviceaccount.com"]},{"role":"roles/firebaseapphosting.computeRunner","members":["serviceAccount:firebase-app-hosting-compute@realtor-c3a25.iam.gserviceaccount.com"]},{"role":"roles/firebaseapphosting.serviceAgent","members":["serviceAccount:service-795981954740@gcp-sa-firebaseapphosting.iam.gserviceaccount.com"]},{"role":"roles/firebaserules.system","members":["serviceAccount:service-795981954740@firebase-rules.iam.gserviceaccount.com"]},{"role":"roles/firestore.serviceAgent","members":["serviceAccount:service-795981954740@gcp-sa-firestore.iam.gserviceaccount.com"]},{"role":"roles/iam.serviceAccountTokenCreator","members":["serviceAccount:firebase-adminsdk-fbsvc@realtor-c3a25.iam.gserviceaccount.com"]},{"role":"roles/owner","members":["user:pratishshelar961992@gmail.com"]},{"role":"roles/run.serviceAgent","members":["serviceAccount:service-795981954740@serverless-robot-prod.iam.gserviceaccount.com"]},{"role":"roles/secretmanager.admin_withcond_c5502839531c9b0b1415","members":["serviceAccount:service-795981954740@gcp-sa-devconnect.iam.gserviceaccount.com"]},{"role":"roles/storage.objectViewer","members":["serviceAccount:firebase-app-hosting-compute@realtor-c3a25.iam.gserviceaccount.com"]}]}
[debug] [2026-02-26T16:44:15.155Z] Checked if tokens are valid: true, expires at: 1772127320942
[debug] [2026-02-26T16:44:15.155Z] Checked if tokens are valid: true, expires at: 1772127320942
[debug] [2026-02-26T16:44:15.155Z] >>> [apiv2][query] GET https://firebaseapphosting.googleapis.com/v1beta/projects/realtor-c3a25/locations/-/backends 
[debug] [2026-02-26T16:44:15.815Z] <<< [apiv2][status] GET https://firebaseapphosting.googleapis.com/v1beta/projects/realtor-c3a25/locations/-/backends 200
[debug] [2026-02-26T16:44:15.815Z] <<< [apiv2][body] GET https://firebaseapphosting.googleapis.com/v1beta/projects/realtor-c3a25/locations/-/backends {"backends":[{"name":"projects/realtor-c3a25/locations/asia-southeast1/backends/realtor","createTime":"2026-02-12T15:03:19.257547193Z","updateTime":"2026-02-12T15:59:38.721237Z","uri":"realtor--realtor-c3a25.asia-southeast1.hosted.app","codebase":{"repository":"projects/realtor-c3a25/locations/asia-southeast1/connections/apphosting-github-conn-5icbc0c/gitRepositoryLinks/pratishelar-realtor"},"uid":"928cef0a-e2ca-45e6-90a1-c93766c77027","etag":"mDCVrOPS7IbeW-FeoFecZyhNJ9jazWBGmeeib-_pZbo","reconciling":false,"servingLocality":"GLOBAL_ACCESS","serviceAccount":"firebase-app-hosting-compute@realtor-c3a25.iam.gserviceaccount.com","appId":"1:795981954740:web:4b73a209c58e6865b6e1e1","environment":"prod"}]}
[info] i  apphosting: Found backend(s) realtor 
[info] i  hosting[realtor-c3a25]: beginning deploy... 
[info] i  hosting[realtor-c3a25]: found 23 files in dist/realtor/browser 
[debug] [2026-02-26T16:44:15.837Z] [hosting] uploading with 200 concurrency
[debug] [2026-02-26T16:44:15.871Z] Checked if tokens are valid: true, expires at: 1772127320942
[debug] [2026-02-26T16:44:15.872Z] Checked if tokens are valid: true, expires at: 1772127320942
[debug] [2026-02-26T16:44:15.872Z] [hosting] hash cache [ZGlzdC9yZWFsdG9yL2Jyb3dzZXI] stored for 23 files
[debug] [2026-02-26T16:44:15.872Z] [hosting][hash queue][FINAL] {"max":26,"min":14,"avg":16.782608695652176,"active":0,"complete":23,"success":23,"errored":0,"retried":0,"total":23,"elapsed":31}
[debug] [2026-02-26T16:44:15.873Z] >>> [apiv2][query] POST https://firebasehosting.googleapis.com/v1beta1/projects/795981954740/sites/realtor-c3a25/versions/c343e5989e45ef35:populateFiles [none]
[debug] [2026-02-26T16:44:15.873Z] >>> [apiv2][body] POST https://firebasehosting.googleapis.com/v1beta1/projects/795981954740/sites/realtor-c3a25/versions/c343e5989e45ef35:populateFiles {"files":{"/main-AWCAEVNG.js":"80d1d80c232eee7bbdaa803cfc79de17ef7fc685968cf1aaa6b8308c48ed8201","/index.html":"b71804329697c78ebb124d807d11b2899e4b4e07c79b77308c3c837dd287b903","/chunk-WOXV7JM6.js":"7a5bf396accc9de3b417d199bde42d647f5335c70284901ca478d565ae2a5fd8","/chunk-SKVZIMPB.js":"e011e1f6e40bfd77543ce3e6a3fedb90f98a312b48e572a3eafc0b8e1aa75abf","/chunk-RWGULYLO.js":"5cc910092df67749f438b4e4c61320bbb5c913767c6afa1a262eba9e600a55b3","/chunk-RNZ2QFAC.js":"32664621a023c5ea913877b0e40d2cdce879dbc0ea6e1100db109184bf068c31","/polyfills-B6TNHZQ6.js":"0d470d11ef45790298a0211b78859f53935f24a7d05c357a0bce142e2e12a925","/chunk-IYXSBTHP.js":"a4a76e91b382db84a59aeee15a249268c390dfaf78fe3b47f6580bf9eb6860d2","/chunk-IC3HTG4O.js":"badeb6d634d67c739529d8e6dbc95026d65f613880994996ee11e3deb50feec5","/chunk-PZJ3AUQZ.js":"6ed5de912ed4942c13e1482526e35ea1c35293bb0eaad899ba337835139e4064","/favicon.ico":"8f1fc0f94ae643bb8757c3cb49f69bf6cb2228f632cb77c7e47d8ee3995d88a7","/chunk-F73SNFKT.js":"88193606a7965c3fe35bb50e1ce94bc1f770c8fb569a4dbe59b3ee0c2b3bc1da","/chunk-OY34P33I.js":"280ec0445488ab7c8964d4c615eeff6185c0fe26c973e7980e8ff380e498aed2","/chunk-CHS7IPV7.js":"b986fabc33fc98ec1e67bf9efdb13f0c030333078dee50d672ec2c1b3388ac03","/chunk-HRMU4OMS.js":"59f13686c2ce3e92e855b4914a37582b266a697cc03b44f7e900af3163d5c097","/chunk-AVSJKYCQ.js":"6cac0ce9e824034e0c05ac7cae6af2c494407ec77b858dbbc050bd3aa1ff4f84","/chunk-2XUOT7S5.js":"dc8fddedb2bf8cf3ce87a7c208064e593ec86eea2f4aefef435df6a0f8b18439","/chunk-A524JIQB.js":"3283fa454de964bd0710afd2b39654c3f3cdd0f4d6212921c78bca0e092e3371","/ds-associates-logo.png":"2ca5bdfd52a8b50b62ceb6f49f9c3fd0a3fdfa135433a09c032a10cd8cc48c56","/chunk-ETYOS63A.js":"4c69a97df2b0e59774bceca830325c187227694fcc8c13513503434dfa26e428","/styles-SXXVVFWO.css":"07a9d741b77ac98a8d52407dd38f538d872b6daec7f722ad200115c1e053a0ea","/chunk-G23CRBUE.js":"796373b33e94f08a9b18a73b66f8544cd7df17d2ced9346a15ef1a5de92e57a3","/chunk-CY55UFEM.js":"b26a16e8fcb33dc38cb1046def4eb06efb32a633475a424745b9384524d27254"}}
[debug] [2026-02-26T16:44:17.177Z] <<< [apiv2][status] POST https://firebasehosting.googleapis.com/v1beta1/projects/795981954740/sites/realtor-c3a25/versions/c343e5989e45ef35:populateFiles 200
[debug] [2026-02-26T16:44:17.177Z] <<< [apiv2][body] POST https://firebasehosting.googleapis.com/v1beta1/projects/795981954740/sites/realtor-c3a25/versions/c343e5989e45ef35:populateFiles {"uploadRequiredHashes":["3283fa454de964bd0710afd2b39654c3f3cdd0f4d6212921c78bca0e092e3371","b71804329697c78ebb124d807d11b2899e4b4e07c79b77308c3c837dd287b903","80d1d80c232eee7bbdaa803cfc79de17ef7fc685968cf1aaa6b8308c48ed8201"],"uploadUrl":"https://upload-firebasehosting.googleapis.com/upload/sites/realtor-c3a25/versions/c343e5989e45ef35/files"}
[debug] [2026-02-26T16:44:17.177Z] Checked if tokens are valid: true, expires at: 1772127320942
[debug] [2026-02-26T16:44:17.177Z] Checked if tokens are valid: true, expires at: 1772127320942
[debug] [2026-02-26T16:44:17.177Z] Checked if tokens are valid: true, expires at: 1772127320942
[debug] [2026-02-26T16:44:17.177Z] Checked if tokens are valid: true, expires at: 1772127320942
[debug] [2026-02-26T16:44:17.178Z] Checked if tokens are valid: true, expires at: 1772127320942
[debug] [2026-02-26T16:44:17.178Z] Checked if tokens are valid: true, expires at: 1772127320942
[debug] [2026-02-26T16:44:17.178Z] >>> [apiv2][query] POST https://upload-firebasehosting.googleapis.com/upload/sites/realtor-c3a25/versions/c343e5989e45ef35/files/3283fa454de964bd0710afd2b39654c3f3cdd0f4d6212921c78bca0e092e3371 [none]
[debug] [2026-02-26T16:44:17.178Z] >>> [apiv2][body] POST https://upload-firebasehosting.googleapis.com/upload/sites/realtor-c3a25/versions/c343e5989e45ef35/files/3283fa454de964bd0710afd2b39654c3f3cdd0f4d6212921c78bca0e092e3371 [stream]
[debug] [2026-02-26T16:44:17.179Z] >>> [apiv2][query] POST https://upload-firebasehosting.googleapis.com/upload/sites/realtor-c3a25/versions/c343e5989e45ef35/files/b71804329697c78ebb124d807d11b2899e4b4e07c79b77308c3c837dd287b903 [none]
[debug] [2026-02-26T16:44:17.179Z] >>> [apiv2][body] POST https://upload-firebasehosting.googleapis.com/upload/sites/realtor-c3a25/versions/c343e5989e45ef35/files/b71804329697c78ebb124d807d11b2899e4b4e07c79b77308c3c837dd287b903 [stream]
[debug] [2026-02-26T16:44:17.181Z] >>> [apiv2][query] POST https://upload-firebasehosting.googleapis.com/upload/sites/realtor-c3a25/versions/c343e5989e45ef35/files/80d1d80c232eee7bbdaa803cfc79de17ef7fc685968cf1aaa6b8308c48ed8201 [none]
[debug] [2026-02-26T16:44:17.181Z] >>> [apiv2][body] POST https://upload-firebasehosting.googleapis.com/upload/sites/realtor-c3a25/versions/c343e5989e45ef35/files/80d1d80c232eee7bbdaa803cfc79de17ef7fc685968cf1aaa6b8308c48ed8201 [stream]
[debug] [2026-02-26T16:44:17.182Z] [hosting][populate queue][FINAL] {"max":1307,"min":1307,"avg":1307,"active":0,"complete":1,"success":1,"errored":0,"retried":0,"total":1,"elapsed":1311}
[debug] [2026-02-26T16:44:17.182Z] [hosting] uploads queued: 3
[debug] [2026-02-26T16:44:18.369Z] <<< [apiv2][status] POST https://upload-firebasehosting.googleapis.com/upload/sites/realtor-c3a25/versions/c343e5989e45ef35/files/b71804329697c78ebb124d807d11b2899e4b4e07c79b77308c3c837dd287b903 200
[debug] [2026-02-26T16:44:18.370Z] <<< [apiv2][body] POST https://upload-firebasehosting.googleapis.com/upload/sites/realtor-c3a25/versions/c343e5989e45ef35/files/b71804329697c78ebb124d807d11b2899e4b4e07c79b77308c3c837dd287b903 [stream]
[debug] [2026-02-26T16:44:18.481Z] <<< [apiv2][status] POST https://upload-firebasehosting.googleapis.com/upload/sites/realtor-c3a25/versions/c343e5989e45ef35/files/3283fa454de964bd0710afd2b39654c3f3cdd0f4d6212921c78bca0e092e3371 200
[debug] [2026-02-26T16:44:18.481Z] <<< [apiv2][body] POST https://upload-firebasehosting.googleapis.com/upload/sites/realtor-c3a25/versions/c343e5989e45ef35/files/3283fa454de964bd0710afd2b39654c3f3cdd0f4d6212921c78bca0e092e3371 [stream]
[debug] [2026-02-26T16:44:18.558Z] <<< [apiv2][status] POST https://upload-firebasehosting.googleapis.com/upload/sites/realtor-c3a25/versions/c343e5989e45ef35/files/80d1d80c232eee7bbdaa803cfc79de17ef7fc685968cf1aaa6b8308c48ed8201 200
[debug] [2026-02-26T16:44:18.558Z] <<< [apiv2][body] POST https://upload-firebasehosting.googleapis.com/upload/sites/realtor-c3a25/versions/c343e5989e45ef35/files/80d1d80c232eee7bbdaa803cfc79de17ef7fc685968cf1aaa6b8308c48ed8201 [stream]
[debug] [2026-02-26T16:44:18.558Z] [hosting][upload queue][FINAL] {"max":1381,"min":1193,"avg":1293,"active":0,"complete":3,"success":3,"errored":0,"retried":0,"total":3,"elapsed":1381}
[info] ✔  hosting[realtor-c3a25]: file upload complete 
[debug] [2026-02-26T16:44:18.560Z] [hosting] deploy completed after 2740ms
[debug] [2026-02-26T16:44:18.561Z] Checked if tokens are valid: true, expires at: 1772127320942
[debug] [2026-02-26T16:44:18.561Z] Checked if tokens are valid: true, expires at: 1772127320942
[debug] [2026-02-26T16:44:18.561Z] >>> [apiv2][query] GET https://cloudresourcemanager.googleapis.com/v1/projects/realtor-c3a25 [none]
[debug] [2026-02-26T16:44:18.874Z] <<< [apiv2][status] GET https://cloudresourcemanager.googleapis.com/v1/projects/realtor-c3a25 200
[debug] [2026-02-26T16:44:18.874Z] <<< [apiv2][body] GET https://cloudresourcemanager.googleapis.com/v1/projects/realtor-c3a25 {"projectNumber":"795981954740","projectId":"realtor-c3a25","lifecycleState":"ACTIVE","name":"Realtor","labels":{"firebase":"enabled","firebase-core":"disabled"},"createTime":"2026-02-10T22:28:58.058546Z"}
[debug] [2026-02-26T16:44:18.875Z] Checked if tokens are valid: true, expires at: 1772127320942
[debug] [2026-02-26T16:44:18.875Z] Checked if tokens are valid: true, expires at: 1772127320942
[debug] [2026-02-26T16:44:18.875Z] >>> [apiv2][query] GET https://storage.googleapis.com/storage/v1/b?project=realtor-c3a25 
[debug] [2026-02-26T16:44:19.574Z] <<< [apiv2][status] GET https://storage.googleapis.com/storage/v1/b?project=realtor-c3a25 200
[debug] [2026-02-26T16:44:19.574Z] <<< [apiv2][body] GET https://storage.googleapis.com/storage/v1/b?project=realtor-c3a25 {"kind":"storage#buckets","items":[{"kind":"storage#bucket","selfLink":"https://www.googleapis.com/storage/v1/b/firebaseapphosting-sources-795981954740-asia-southeast1","id":"firebaseapphosting-sources-795981954740-asia-southeast1","name":"firebaseapphosting-sources-795981954740-asia-southeast1","projectNumber":"795981954740","generation":"1770914486321248211","metageneration":"1","location":"ASIA-SOUTHEAST1","storageClass":"STANDARD","etag":"CAE=","timeCreated":"2026-02-12T16:41:27.347Z","updated":"2026-02-12T16:41:27.347Z","lifecycle":{"rule":[{"action":{"type":"Delete"},"condition":{"age":30}}]},"labels":{"apphosting-source-asia-southeast1":"true"},"softDeletePolicy":{"retentionDurationSeconds":"604800","effectiveTime":"2026-02-12T16:41:27.347Z"},"iamConfiguration":{"bucketPolicyOnly":{"enabled":false},"uniformBucketLevelAccess":{"enabled":false},"publicAccessPrevention":"inherited"},"locationType":"region","satisfiesPZS":true,"satisfiesPZI":true}]}
[info] i  apphosting: Zipped source for backend realtor 
[info] i  apphosting: Uploading source for backend realtor... 
[debug] [2026-02-26T16:44:19.723Z] Checked if tokens are valid: true, expires at: 1772127320942
[debug] [2026-02-26T16:44:19.724Z] Checked if tokens are valid: true, expires at: 1772127320942
[debug] [2026-02-26T16:44:19.724Z] >>> [apiv2][query] PUT https://storage.googleapis.com/firebaseapphosting-sources-795981954740-asia-southeast1/realtor--40839-zCdVCTAUU7pa-.zip [none]
[debug] [2026-02-26T16:44:19.724Z] >>> [apiv2][body] PUT https://storage.googleapis.com/firebaseapphosting-sources-795981954740-asia-southeast1/realtor--40839-zCdVCTAUU7pa-.zip [stream]
[debug] [2026-02-26T16:44:20.271Z] <<< [apiv2][status] PUT https://storage.googleapis.com/firebaseapphosting-sources-795981954740-asia-southeast1/realtor--40839-zCdVCTAUU7pa-.zip 200
[debug] [2026-02-26T16:44:20.272Z] <<< [apiv2][body] PUT https://storage.googleapis.com/firebaseapphosting-sources-795981954740-asia-southeast1/realtor--40839-zCdVCTAUU7pa-.zip undefined
[info] i  apphosting: Uploaded at gs://firebaseapphosting-sources-795981954740-asia-southeast1/realtor--40839-zCdVCTAUU7pa-.zip 
[debug] [2026-02-26T16:44:20.273Z] [
  {
    "config": {
      "public": "dist/realtor/browser",
      "ignore": [
        "firebase.json",
        "**/.*",
        "**/node_modules/**"
      ],
      "rewrites": [
        {
          "source": "**",
          "destination": "/index.html"
        }
      ],
      "site": "realtor-c3a25"
    },
    "version": "projects/795981954740/sites/realtor-c3a25/versions/c343e5989e45ef35"
  }
]
[info] i  hosting[realtor-c3a25]: finalizing version... 
[debug] [2026-02-26T16:44:20.275Z] Checked if tokens are valid: true, expires at: 1772127320942
[debug] [2026-02-26T16:44:20.275Z] Checked if tokens are valid: true, expires at: 1772127320942
[debug] [2026-02-26T16:44:20.276Z] >>> [apiv2][query] PATCH https://firebasehosting.googleapis.com/v1beta1/projects/-/sites/realtor-c3a25/versions/c343e5989e45ef35 updateMask=status%2Cconfig
[debug] [2026-02-26T16:44:20.276Z] >>> [apiv2][body] PATCH https://firebasehosting.googleapis.com/v1beta1/projects/-/sites/realtor-c3a25/versions/c343e5989e45ef35 {"status":"FINALIZED","config":{"rewrites":[{"glob":"**","path":"/index.html"}]}}
[debug] [2026-02-26T16:44:21.345Z] <<< [apiv2][status] PATCH https://firebasehosting.googleapis.com/v1beta1/projects/-/sites/realtor-c3a25/versions/c343e5989e45ef35 200
[debug] [2026-02-26T16:44:21.345Z] <<< [apiv2][body] PATCH https://firebasehosting.googleapis.com/v1beta1/projects/-/sites/realtor-c3a25/versions/c343e5989e45ef35 {"name":"projects/795981954740/sites/realtor-c3a25/versions/c343e5989e45ef35","status":"FINALIZED","config":{"rewrites":[{"glob":"**","path":"/index.html"}]},"labels":{"deployment-tool":"cli-firebase"},"createTime":"2026-02-26T16:44:07.780099Z","createUser":{"email":"pratishshelar961992@gmail.com"},"finalizeTime":"2026-02-26T16:44:21.190706Z","finalizeUser":{"email":"pratishshelar961992@gmail.com"}}
[debug] [2026-02-26T16:44:21.345Z] [hosting] finalized version for realtor-c3a25:[object Object]
[info] ✔  hosting[realtor-c3a25]: version finalized 
[info] i  hosting[realtor-c3a25]: releasing new version... 
[debug] [2026-02-26T16:44:21.347Z] Checked if tokens are valid: true, expires at: 1772127320942
[debug] [2026-02-26T16:44:21.347Z] Checked if tokens are valid: true, expires at: 1772127320942
[debug] [2026-02-26T16:44:21.347Z] >>> [apiv2][query] POST https://firebasehosting.googleapis.com/v1beta1/projects/-/sites/realtor-c3a25/channels/live/releases versionName=projects%2F795981954740%2Fsites%2Frealtor-c3a25%2Fversions%2Fc343e5989e45ef35
[debug] [2026-02-26T16:44:21.347Z] >>> [apiv2][body] POST https://firebasehosting.googleapis.com/v1beta1/projects/-/sites/realtor-c3a25/channels/live/releases {}
[debug] [2026-02-26T16:44:22.774Z] <<< [apiv2][status] POST https://firebasehosting.googleapis.com/v1beta1/projects/-/sites/realtor-c3a25/channels/live/releases 200
[debug] [2026-02-26T16:44:22.774Z] <<< [apiv2][body] POST https://firebasehosting.googleapis.com/v1beta1/projects/-/sites/realtor-c3a25/channels/live/releases {"name":"projects/795981954740/sites/realtor-c3a25/channels/live/releases/1772124261851000","version":{"name":"projects/795981954740/sites/realtor-c3a25/versions/c343e5989e45ef35","status":"FINALIZED","config":{"rewrites":[{"glob":"**","path":"/index.html"}]},"labels":{"deployment-tool":"cli-firebase"},"createTime":"2026-02-26T16:44:07.780099Z","createUser":{"email":"pratishshelar961992@gmail.com","imageUrl":"https://lh3.googleusercontent.com/a/ACg8ocKPcFHXmWP2yAB598FPzM9BtjcQem5BghYzAZlW7Mv9Pup_5F4bhw"},"finalizeTime":"2026-02-26T16:44:21.190706Z","finalizeUser":{"email":"pratishshelar961992@gmail.com","imageUrl":"https://lh3.googleusercontent.com/a/ACg8ocKPcFHXmWP2yAB598FPzM9BtjcQem5BghYzAZlW7Mv9Pup_5F4bhw"}},"type":"DEPLOY","releaseTime":"2026-02-26T16:44:21.851Z","releaseUser":{"email":"pratishshelar961992@gmail.com","imageUrl":"https://lh3.googleusercontent.com/a/ACg8ocKPcFHXmWP2yAB598FPzM9BtjcQem5BghYzAZlW7Mv9Pup_5F4bhw"}}
[debug] [2026-02-26T16:44:22.774Z] [hosting] release: {"name":"projects/795981954740/sites/realtor-c3a25/channels/live/releases/1772124261851000","version":{"name":"projects/795981954740/sites/realtor-c3a25/versions/c343e5989e45ef35","status":"FINALIZED","config":{"rewrites":[{"glob":"**","path":"/index.html"}]},"labels":{"deployment-tool":"cli-firebase"},"createTime":"2026-02-26T16:44:07.780099Z","createUser":{"email":"pratishshelar961992@gmail.com","imageUrl":"https://lh3.googleusercontent.com/a/ACg8ocKPcFHXmWP2yAB598FPzM9BtjcQem5BghYzAZlW7Mv9Pup_5F4bhw"},"finalizeTime":"2026-02-26T16:44:21.190706Z","finalizeUser":{"email":"pratishshelar961992@gmail.com","imageUrl":"https://lh3.googleusercontent.com/a/ACg8ocKPcFHXmWP2yAB598FPzM9BtjcQem5BghYzAZlW7Mv9Pup_5F4bhw"}},"type":"DEPLOY","releaseTime":"2026-02-26T16:44:21.851Z","releaseUser":{"email":"pratishshelar961992@gmail.com","imageUrl":"https://lh3.googleusercontent.com/a/ACg8ocKPcFHXmWP2yAB598FPzM9BtjcQem5BghYzAZlW7Mv9Pup_5F4bhw"}}
[info] ✔  hosting[realtor-c3a25]: release complete 
[debug] [2026-02-26T16:44:22.776Z] Checked if tokens are valid: true, expires at: 1772127320942
[debug] [2026-02-26T16:44:22.776Z] Checked if tokens are valid: true, expires at: 1772127320942
[debug] [2026-02-26T16:44:22.776Z] Checked if tokens are valid: true, expires at: 1772127320942
[debug] [2026-02-26T16:44:22.776Z] Checked if tokens are valid: true, expires at: 1772127320942
[info] i  apphosting: You may also track the rollout(s) at:
	https://console.firebase.google.com/project/realtor-c3a25/apphosting 
[debug] [2026-02-26T16:44:22.778Z] >>> [apiv2][query] GET https://firebaseapphosting.googleapis.com/v1beta/projects/realtor-c3a25/locations/asia-southeast1/backends/realtor/rollouts 
[debug] [2026-02-26T16:44:22.781Z] >>> [apiv2][query] GET https://firebaseapphosting.googleapis.com/v1beta/projects/realtor-c3a25/locations/asia-southeast1/backends/realtor/builds 
[debug] [2026-02-26T16:44:22.934Z] <<< [apiv2][status] GET https://firebaseapphosting.googleapis.com/v1beta/projects/realtor-c3a25/locations/asia-southeast1/backends/realtor/builds 200
[debug] [2026-02-26T16:44:22.935Z] <<< [apiv2][body] GET https://firebaseapphosting.googleapis.com/v1beta/projects/realtor-c3a25/locations/asia-southeast1/backends/realtor/builds {"builds":[{"name":"projects/realtor-c3a25/locations/asia-southeast1/backends/realtor/builds/build-2026-02-26-001","state":"FAILED","error":{"code":13},"config":{"runConfig":{}},"source":{"archive":{"rootDirectory":"/","userStorageUri":"gs://firebaseapphosting-sources-795981954740-asia-southeast1/realtor--40418-FzqPst7p16sI-.zip"}},"buildLogsUri":"https://console.cloud.google.com/cloud-build/builds;region=asia-southeast1/9e1ca122-039b-4a71-9391-f2f2ec5b24eb?project=795981954740","createTime":"2026-02-26T16:35:40.372837536Z","updateTime":"2026-02-26T16:37:01.393080Z","labels":{"deployment-tool":"cli-firebase"},"uid":"ec75850a-eae7-45d1-86e1-f007645af9a0","etag":"rESkSGMYuh5X2Uj6EWDppV9dmj1ZBMrUXXcXihVHrq8","reconciling":false,"errorSource":"CLOUD_BUILD","errors":[{"error":{"code":13},"errorSource":"CLOUD_BUILD","cloudResource":"https://cloud.google.com/build"}]},{"name":"projects/realtor-c3a25/locations/asia-southeast1/backends/realtor/builds/build-2026-02-19-001","state":"FAILED","error":{"code":13},"config":{},"source":{"codebase":{"branch":"main","displayName":"699de040b829f73346f20b4d75d8c543a260a13b","hash":"699de040b829f73346f20b4d75d8c543a260a13b","commitMessage":"bootstrap updated","uri":"https://github.com/pratishelar/realtor/commit/699de040b829f73346f20b4d75d8c543a260a13b","author":{"displayName":"pratishelar","email":"pratishshelar961992@gmail.com","imageUri":"https://github.com/pratishelar.png"},"commitTime":"2026-02-19T18:17:44Z"}},"buildLogsUri":"https://console.cloud.google.com/cloud-build/builds;region=asia-southeast1/1058f5cb-5c6a-4786-984e-72c0867e4287?project=795981954740","createTime":"2026-02-19T18:17:53.145660235Z","updateTime":"2026-02-19T18:19:14.109075Z","displayName":"build-2026-02-19-001","uid":"e7877916-3ab7-464b-b2c9-8c7db7129cdd","etag":"mjfmxvQviorqK6M8NxBwT_WK9FQPlyu2PfSZLThxGJU","reconciling":false,"errorSource":"CLOUD_BUILD","errors":[{"error":{"code":13},"errorSource":"CLOUD_BUILD","cloudResource":"https://cloud.google.com/build"}]},{"name":"projects/realtor-c3a25/locations/asia-southeast1/backends/realtor/builds/build-2026-02-25-002","state":"FAILED","error":{"code":13},"config":{},"source":{"codebase":{"branch":"main","displayName":"c0e335e33a339d663b9f4d6d782e6cffa4371b68","hash":"c0e335e33a339d663b9f4d6d782e6cffa4371b68","commitMessage":"filter updated","uri":"https://github.com/pratishelar/realtor/commit/c0e335e33a339d663b9f4d6d782e6cffa4371b68","author":{"displayName":"pratishelar","email":"pratishshelar961992@gmail.com","imageUri":"https://github.com/pratishelar.png"},"commitTime":"2026-02-25T08:06:47Z"}},"buildLogsUri":"https://console.cloud.google.com/cloud-build/builds;region=asia-southeast1/08a11e2d-4507-4a44-8f48-1b30cca7ee49?project=795981954740","createTime":"2026-02-25T08:06:54.627308851Z","updateTime":"2026-02-25T08:08:15.583609Z","displayName":"build-2026-02-25-002","uid":"63af49c2-6398-4cf4-872d-8232de48ab75","etag":"GRawKBS9NutyFsAaGispFjsOFWpV01FQCaSXqqdXRMg","reconciling":false,"errorSource":"CLOUD_BUILD","errors":[{"error":{"code":13},"errorSource":"CLOUD_BUILD","cloudResource":"https://cloud.google.com/build"}]},{"name":"projects/realtor-c3a25/locations/asia-southeast1/backends/realtor/builds/build-2026-02-25-003","state":"FAILED","error":{"code":13},"config":{},"source":{"codebase":{"branch":"main","displayName":"a74493b92893a562a58adf7bd985b81cccd62f1d","hash":"a74493b92893a562a58adf7bd985b81cccd62f1d","commitMessage":"search added","uri":"https://github.com/pratishelar/realtor/commit/a74493b92893a562a58adf7bd985b81cccd62f1d","author":{"displayName":"pratishelar","email":"pratishshelar961992@gmail.com","imageUri":"https://github.com/pratishelar.png"},"commitTime":"2026-02-25T08:14:33Z"}},"buildLogsUri":"https://console.cloud.google.com/cloud-build/builds;region=asia-southeast1/c0dc9913-2239-41d6-902e-dd7302602227?project=795981954740","createTime":"2026-02-25T08:14:45.384733530Z","updateTime":"2026-02-25T08:15:56.204917Z","displayName":"build-2026-02-25-003","uid":"e071068f-a882-472c-a0d6-20371df18c2c","etag":"GdE9V8CdMHh16McgyEoA6Fr5qFrBeKwj5O8EUAod1ws","reconciling":false,"errorSource":"CLOUD_BUILD","errors":[{"error":{"code":13},"errorSource":"CLOUD_BUILD","cloudResource":"https://cloud.google.com/build"}]},{"name":"projects/realtor-c3a25/locations/asia-southeast1/backends/realtor/builds/build-2026-02-25-001","state":"FAILED","error":{"code":13},"config":{},"source":{"codebase":{"branch":"main","displayName":"fe17845e7a4b6927e0c0a7ea0f6e74fc580d9a94","hash":"fe17845e7a4b6927e0c0a7ea0f6e74fc580d9a94","commitMessage":"filters and loading time","uri":"https://github.com/pratishelar/realtor/commit/fe17845e7a4b6927e0c0a7ea0f6e74fc580d9a94","author":{"displayName":"pratishelar","email":"pratishshelar961992@gmail.com","imageUri":"https://github.com/pratishelar.png"},"commitTime":"2026-02-25T06:25:51Z"}},"buildLogsUri":"https://console.cloud.google.com/cloud-build/builds;region=asia-southeast1/33e3525b-bd6b-4f68-8c5a-460ef04f4245?project=795981954740","createTime":"2026-02-25T06:25:58.664714675Z","updateTime":"2026-02-25T06:27:19.626181Z","displayName":"build-2026-02-25-001","uid":"6c7785e7-f280-4b27-931e-d638d23e995c","etag":"GzVmOJ29hf9sstMb2agISKNhh02swjgJc9R1HfY1ejw","reconciling":false,"errorSource":"CLOUD_BUILD","errors":[{"error":{"code":13},"errorSource":"CLOUD_BUILD","cloudResource":"https://cloud.google.com/build"}]},{"name":"projects/realtor-c3a25/locations/asia-southeast1/backends/realtor/builds/build-2026-02-25-004","state":"FAILED","error":{"code":13},"config":{"runConfig":{}},"source":{"archive":{"rootDirectory":"/","userStorageUri":"gs://firebaseapphosting-sources-795981954740-asia-southeast1/realtor--86869-dOcQraY5PkoL-.zip"}},"buildLogsUri":"https://console.cloud.google.com/cloud-build/builds;region=asia-southeast1/80c6c98c-87e0-44a1-90d0-369d824972f8?project=795981954740","createTime":"2026-02-25T14:25:08.678550336Z","updateTime":"2026-02-25T14:26:19.566077Z","labels":{"deployment-tool":"cli-firebase"},"uid":"d24648e2-9c01-4570-86a7-5850bc411945","etag":"xGUM2YedUqPhznytx0izcGZMDP_JHHt-t6FEsIC5dRo","reconciling":false,"errorSource":"CLOUD_BUILD","errors":[{"error":{"code":13},"errorSource":"CLOUD_BUILD","cloudResource":"https://cloud.google.com/build"}]},{"name":"projects/realtor-c3a25/locations/asia-southeast1/backends/realtor/builds/build-2026-02-25-005","state":"FAILED","error":{"code":13},"config":{"runConfig":{}},"source":{"archive":{"rootDirectory":"/","userStorageUri":"gs://firebaseapphosting-sources-795981954740-asia-southeast1/realtor--10341-ABhNDMbSvTgr-.zip"}},"buildLogsUri":"https://console.cloud.google.com/cloud-build/builds;region=asia-southeast1/80820e12-7ed2-4620-92b3-713098ff9bad?project=795981954740","createTime":"2026-02-25T22:01:47.660669759Z","updateTime":"2026-02-25T22:02:58.507523Z","labels":{"deployment-tool":"cli-firebase"},"uid":"a8ffb983-93cf-4e83-845a-16bd6f0b7d5a","etag":"vAQRUQFqto5RkgECew7pEoFuUdQdOmozhgc8TRqPKSU","reconciling":false,"errorSource":"CLOUD_BUILD","errors":[{"error":{"code":13},"errorSource":"CLOUD_BUILD","cloudResource":"https://cloud.google.com/build"}]},{"name":"projects/realtor-c3a25/locations/asia-southeast1/backends/realtor/builds/build-2026-02-12-000","state":"FAILED","error":{"code":13},"config":{"runConfig":{}},"source":{"codebase":{"branch":"main","displayName":"5db55cdbc0a7f78393d5d8132eaec48da9a0cd04","hash":"5db55cdbc0a7f78393d5d8132eaec48da9a0cd04","commitMessage":"first","uri":"https://github.com/pratishelar/realtor/commit/5db55cdbc0a7f78393d5d8132eaec48da9a0cd04","author":{"displayName":"pratishelar","email":"pratishshelar961992@gmail.com"},"commitTime":"2026-02-12T14:21:46Z"}},"buildLogsUri":"https://console.cloud.google.com/cloud-build/builds;region=asia-southeast1/7d29b81e-6b24-4738-ae8b-84e5ff324da7?project=795981954740","createTime":"2026-02-12T15:03:21.737656586Z","updateTime":"2026-02-12T15:05:04.314518Z","uid":"61ef49f6-0cce-48ff-8716-187c9954155a","etag":"omCPtRb6GhN8fhjAxYZh9JhWlOiVIRQ4SCA43220JF0","reconciling":false,"errorSource":"CLOUD_BUILD","errors":[{"error":{"code":13},"errorSource":"CLOUD_BUILD","cloudResource":"https://cloud.google.com/build"}]},{"name":"projects/realtor-c3a25/locations/asia-southeast1/backends/realtor/builds/build-2026-02-12-001","state":"FAILED","error":{"code":9,"message":"Invalid root directory specified. No buildable app found rooted at '/workspace/dist/realtor'. Please go to your backend settings page and, in the Deployment tab, configure your root directory to point to the root of the target application.","details":[{"@type":"type.googleapis.com/google.rpc.ErrorInfo","reason":"fah/invalid-root-directory","metadata":{"user_facing_message":"Invalid root directory specified. No buildable app found rooted at '/workspace/dist/realtor'. Please go to your backend settings page and, in the Deployment tab, configure your root directory to point to the root of the target application.","attribution":"USER","user_facing_reason":"Invalid Root Directory"}}]},"config":{"runConfig":{}},"source":{"codebase":{"branch":"main","displayName":"5db55cdbc0a7f78393d5d8132eaec48da9a0cd04","hash":"5db55cdbc0a7f78393d5d8132eaec48da9a0cd04","commitMessage":"first","uri":"https://github.com/pratishelar/realtor/commit/5db55cdbc0a7f78393d5d8132eaec48da9a0cd04","author":{"displayName":"pratishelar","email":"pratishshelar961992@gmail.com"},"commitTime":"2026-02-12T14:21:46Z"}},"buildLogsUri":"https://console.cloud.google.com/cloud-build/builds;region=asia-southeast1/304ab395-8af2-43ab-8963-b7b6b0c6f619?project=795981954740","createTime":"2026-02-12T15:07:49.094123350Z","updateTime":"2026-02-12T15:08:30.161186Z","uid":"5ac5b4b0-59db-40b4-a9ae-3ec98ef22eb0","etag":"ftW6d22ZoQiRwOSoi2aR7fCXIWRXNyYvgEml5AW_rPQ","reconciling":false,"errorSource":"CLOUD_BUILD","errors":[{"error":{"code":9,"message":"Invalid root directory specified. No buildable app found rooted at '/workspace/dist/realtor'. Please go to your backend settings page and, in the Deployment tab, configure your root directory to point to the root of the target application.","details":[{"@type":"type.googleapis.com/google.rpc.ErrorInfo","reason":"fah/invalid-root-directory","metadata":{"user_facing_message":"Invalid root directory specified. No buildable app found rooted at '/workspace/dist/realtor'. Please go to your backend settings page and, in the Deployment tab, configure your root directory to point to the root of the target application.","attribution":"USER","user_facing_reason":"Invalid Root Directory"}}]},"errorSource":"CLOUD_BUILD","cloudResource":"https://cloud.google.com/build"}]},{"name":"projects/realtor-c3a25/locations/asia-southeast1/backends/realtor/builds/build-2026-02-12-002","state":"FAILED","error":{"code":9,"message":"Invalid root directory specified. No buildable app found rooted at '/workspace/dist/realtor'. Please go to your backend settings page and, in the Deployment tab, configure your root directory to point to the root of the target application.","details":[{"@type":"type.googleapis.com/google.rpc.ErrorInfo","reason":"fah/invalid-root-directory","metadata":{"attribution":"USER","user_facing_reason":"Invalid Root Directory","user_facing_message":"Invalid root directory specified. No buildable app found rooted at '/workspace/dist/realtor'. Please go to your backend settings page and, in the Deployment tab, configure your root directory to point to the root of the target application."}}]},"config":{},"source":{"codebase":{"branch":"main","displayName":"1c85e2969784851254d27b65fcb20bec0bde08ca","hash":"1c85e2969784851254d27b65fcb20bec0bde08ca","commitMessage":"build","uri":"https://github.com/pratishelar/realtor/commit/1c85e2969784851254d27b65fcb20bec0bde08ca","author":{"displayName":"pratishelar","email":"pratishshelar961992@gmail.com","imageUri":"https://github.com/pratishelar.png"},"commitTime":"2026-02-12T15:57:31Z"}},"buildLogsUri":"https://console.cloud.google.com/cloud-build/builds;region=asia-southeast1/cc05597a-b546-43e5-b292-88cb00026c0c?project=795981954740","createTime":"2026-02-12T15:57:39.400584915Z","updateTime":"2026-02-12T15:58:19.898034Z","displayName":"build-2026-02-12-002","uid":"a4d7adde-f06b-4d9a-8075-89fa70597b17","etag":"s6W5aZI6m9f-WlGX2OyLntsI3tlySOqPMOszaP3WNnU","reconciling":false,"errorSource":"CLOUD_BUILD","errors":[{"error":{"code":9,"message":"Invalid root directory specified. No buildable app found rooted at '/workspace/dist/realtor'. Please go to your backend settings page and, in the Deployment tab, configure your root directory to point to the root of the target application.","details":[{"@type":"type.googleapis.com/google.rpc.ErrorInfo","reason":"fah/invalid-root-directory","metadata":{"attribution":"USER","user_facing_reason":"Invalid Root Directory","user_facing_message":"Invalid root directory specified. No buildable app found rooted at '/workspace/dist/realtor'. Please go to your backend settings page and, in the Deployment tab, configure your root directory to point to the root of the target application."}}]},"errorSource":"CLOUD_BUILD","cloudResource":"https://cloud.google.com/build"}]},{"name":"projects/realtor-c3a25/locations/asia-southeast1/backends/realtor/builds/build-2026-02-12-003","state":"FAILED","error":{"code":9,"message":"Invalid root directory specified. No buildable app found rooted at '/workspace/dist/realtor/browser'. Please go to your backend settings page and, in the Deployment tab, configure your root directory to point to the root of the target application.","details":[{"@type":"type.googleapis.com/google.rpc.ErrorInfo","reason":"fah/invalid-root-directory","metadata":{"attribution":"USER","user_facing_reason":"Invalid Root Directory","user_facing_message":"Invalid root directory specified. No buildable app found rooted at '/workspace/dist/realtor/browser'. Please go to your backend settings page and, in the Deployment tab, configure your root directory to point to the root of the target application."}}]},"config":{"runConfig":{}},"source":{"codebase":{"branch":"main","displayName":"1c85e2969784851254d27b65fcb20bec0bde08ca","hash":"1c85e2969784851254d27b65fcb20bec0bde08ca","commitMessage":"build","uri":"https://github.com/pratishelar/realtor/commit/1c85e2969784851254d27b65fcb20bec0bde08ca","author":{"displayName":"pratishelar","email":"pratishshelar961992@gmail.com"},"commitTime":"2026-02-12T15:57:31Z"}},"buildLogsUri":"https://console.cloud.google.com/cloud-build/builds;region=asia-southeast1/c131fc92-c7d0-47f4-bd42-b2e5f3ec52b1?project=795981954740","createTime":"2026-02-12T15:58:05.540112451Z","updateTime":"2026-02-12T15:58:46.540394Z","uid":"41684f17-8872-4308-84f3-4ff238a2d7ab","etag":"HDX6bE2KVOWiLAUkls34O6kl4yHgXMqHf5CLa-2_5JU","reconciling":false,"errorSource":"CLOUD_BUILD","errors":[{"error":{"code":9,"message":"Invalid root directory specified. No buildable app found rooted at '/workspace/dist/realtor/browser'. Please go to your backend settings page and, in the Deployment tab, configure your root directory to point to the root of the target application.","details":[{"@type":"type.googleapis.com/google.rpc.ErrorInfo","reason":"fah/invalid-root-directory","metadata":{"attribution":"USER","user_facing_reason":"Invalid Root Directory","user_facing_message":"Invalid root directory specified. No buildable app found rooted at '/workspace/dist/realtor/browser'. Please go to your backend settings page and, in the Deployment tab, configure your root directory to point to the root of the target application."}}]},"errorSource":"CLOUD_BUILD","cloudResource":"https://cloud.google.com/build"}]},{"name":"projects/realtor-c3a25/locations/asia-southeast1/backends/realtor/builds/build-2026-02-12-004","state":"FAILED","error":{"code":13},"config":{"runConfig":{}},"source":{"codebase":{"branch":"main","displayName":"1c85e2969784851254d27b65fcb20bec0bde08ca","hash":"1c85e2969784851254d27b65fcb20bec0bde08ca","commitMessage":"build","uri":"https://github.com/pratishelar/realtor/commit/1c85e2969784851254d27b65fcb20bec0bde08ca","author":{"displayName":"pratishelar","email":"pratishshelar961992@gmail.com"},"commitTime":"2026-02-12T15:57:31Z"}},"buildLogsUri":"https://console.cloud.google.com/cloud-build/builds;region=asia-southeast1/84c9eee9-231d-42ea-bcdb-b422ce0fc8ab?project=795981954740","createTime":"2026-02-12T15:59:43.673853037Z","updateTime":"2026-02-12T16:01:15.219874Z","uid":"91166780-fc80-4043-9c37-bb897c7e5338","etag":"4_9KhrmrZLZ9UWLwaldKjlDdQbx7hVyAUIupHw9Digo","reconciling":false,"errorSource":"CLOUD_BUILD","errors":[{"error":{"code":13},"errorSource":"CLOUD_BUILD","cloudResource":"https://cloud.google.com/build"}]}]}
[debug] [2026-02-26T16:44:22.942Z] <<< [apiv2][status] GET https://firebaseapphosting.googleapis.com/v1beta/projects/realtor-c3a25/locations/asia-southeast1/backends/realtor/rollouts 200
[debug] [2026-02-26T16:44:22.942Z] <<< [apiv2][body] GET https://firebaseapphosting.googleapis.com/v1beta/projects/realtor-c3a25/locations/asia-southeast1/backends/realtor/rollouts {"rollouts":[{"name":"projects/realtor-c3a25/locations/asia-southeast1/backends/realtor/rollouts/build-2026-02-26-001","createTime":"2026-02-26T16:35:40.768177579Z","updateTime":"2026-02-26T16:37:01.787160Z","state":"FAILED","build":"projects/realtor-c3a25/locations/asia-southeast1/backends/realtor/builds/build-2026-02-26-001","labels":{"deployment-tool":"cli-firebase"},"uid":"9990da8a-0a44-47ea-ad0d-94cc5e08130f","etag":"RPhS0BkB3rh00bt7Qlj4OEFuBMAJV0iOhontDEmKiYM","reconciling":false},{"name":"projects/realtor-c3a25/locations/asia-southeast1/backends/realtor/rollouts/rollout-2026-02-25-003","createTime":"2026-02-25T08:14:45.452181033Z","updateTime":"2026-02-25T08:15:56.327886Z","state":"FAILED","build":"projects/realtor-c3a25/locations/asia-southeast1/backends/realtor/builds/build-2026-02-25-003","uid":"f2568447-5f58-4d8c-b36d-938514437eb9","etag":"ZYpn1kQeDV-r39SIypIFY7h_7SxDUjMXJuODcOhXIig","reconciling":false},{"name":"projects/realtor-c3a25/locations/asia-southeast1/backends/realtor/rollouts/rollout-2026-02-25-002","createTime":"2026-02-25T08:06:54.693860880Z","updateTime":"2026-02-25T08:08:15.697915Z","state":"FAILED","build":"projects/realtor-c3a25/locations/asia-southeast1/backends/realtor/builds/build-2026-02-25-002","uid":"aed1e9e9-236c-49d5-aae4-8feed5223686","etag":"zF0rfwzvtgprGFJ0CHkWSO7e3Q-LyBn3qRl9UJ2ZAYU","reconciling":false},{"name":"projects/realtor-c3a25/locations/asia-southeast1/backends/realtor/rollouts/rollout-2026-02-25-001","createTime":"2026-02-25T06:25:58.894941783Z","updateTime":"2026-02-25T06:27:19.980164Z","state":"FAILED","build":"projects/realtor-c3a25/locations/asia-southeast1/backends/realtor/builds/build-2026-02-25-001","uid":"0e2391a7-8a5e-4506-b60b-72146a368ab4","etag":"EfsYHEBESGgzASYcEM4RLKXowNMjCFyY5O1Po6aABBI","reconciling":false},{"name":"projects/realtor-c3a25/locations/asia-southeast1/backends/realtor/rollouts/rollout-2026-02-12-001","createTime":"2026-02-12T15:07:50.166514432Z","updateTime":"2026-02-12T15:08:30.714254Z","state":"FAILED","build":"projects/realtor-c3a25/locations/asia-southeast1/backends/realtor/builds/build-2026-02-12-001","uid":"79613133-4ea6-41f1-be78-0bce8588f816","etag":"MP4PkNiAhn-NZefdpUgmZOWhiO2cV50h0OF4EVJKT04","reconciling":false},{"name":"projects/realtor-c3a25/locations/asia-southeast1/backends/realtor/rollouts/rollout-2026-02-12-000","createTime":"2026-02-12T15:03:23.598773182Z","updateTime":"2026-02-12T15:05:04.742207Z","state":"FAILED","build":"projects/realtor-c3a25/locations/asia-southeast1/backends/realtor/builds/build-2026-02-12-000","uid":"49f3b6a2-70d2-4c16-ab95-4abe93f390bd","etag":"5xQSHD4tCdJeRIQTh2_gzZ6OrSnXGVBXcqHZ4-EPVhs","reconciling":false},{"name":"projects/realtor-c3a25/locations/asia-southeast1/backends/realtor/rollouts/rollout-2026-02-12-003","createTime":"2026-02-12T15:58:10.797670218Z","updateTime":"2026-02-12T15:58:51.326899Z","state":"FAILED","build":"projects/realtor-c3a25/locations/asia-southeast1/backends/realtor/builds/build-2026-02-12-003","uid":"1529b83e-9289-4d5f-bac6-4eacf5162e4c","etag":"Ep2wKDWctLf77Yqc0Zu_MzM-LVOj7UZlU6WVREkBP24","reconciling":false},{"name":"projects/realtor-c3a25/locations/asia-southeast1/backends/realtor/rollouts/rollout-2026-02-12-002","createTime":"2026-02-12T15:57:39.458279859Z","updateTime":"2026-02-12T15:58:19.982711Z","state":"FAILED","build":"projects/realtor-c3a25/locations/asia-southeast1/backends/realtor/builds/build-2026-02-12-002","uid":"f0b9c133-c04a-47e2-b6e1-18f039649058","etag":"oL4Z-diDB0FjAXwGIpq2f9VzKqVDAdchDx4etvZVkSA","reconciling":false},{"name":"projects/realtor-c3a25/locations/asia-southeast1/backends/realtor/rollouts/rollout-2026-02-12-004","createTime":"2026-02-12T15:59:50.440008087Z","updateTime":"2026-02-12T16:01:21.546282Z","state":"FAILED","build":"projects/realtor-c3a25/locations/asia-southeast1/backends/realtor/builds/build-2026-02-12-004","uid":"32131168-cf62-4512-a76b-12c3ec954aea","etag":"SutXd6lEKtUMf31Qtt9H5xpV5ipoFpB5wsK2edcEEtY","reconciling":false},{"name":"projects/realtor-c3a25/locations/asia-southeast1/backends/realtor/rollouts/build-2026-02-25-004","createTime":"2026-02-25T14:25:09.075701859Z","updateTime":"2026-02-25T14:26:20.013828Z","state":"FAILED","build":"projects/realtor-c3a25/locations/asia-southeast1/backends/realtor/builds/build-2026-02-25-004","labels":{"deployment-tool":"cli-firebase"},"uid":"1a90f1a8-e20f-437f-9b60-880689bc0d21","etag":"rkfFlOfZjKfzEy1JeJRqj-O_Z6AJUBLDKSzfDs_98ME","reconciling":false},{"name":"projects/realtor-c3a25/locations/asia-southeast1/backends/realtor/rollouts/build-2026-02-25-005","createTime":"2026-02-25T22:01:50.818464549Z","updateTime":"2026-02-25T22:03:01.750067Z","state":"FAILED","build":"projects/realtor-c3a25/locations/asia-southeast1/backends/realtor/builds/build-2026-02-25-005","labels":{"deployment-tool":"cli-firebase"},"uid":"2a7007a6-4b52-4a32-88fe-1f1b32141204","etag":"Z6W0bMVs5u6UM5-M4ffhgIkIyud6BX1eExELL0fWZKk","reconciling":false},{"name":"projects/realtor-c3a25/locations/asia-southeast1/backends/realtor/rollouts/rollout-2026-02-19-001","createTime":"2026-02-19T18:17:53.346655332Z","updateTime":"2026-02-19T18:19:14.366553Z","state":"FAILED","build":"projects/realtor-c3a25/locations/asia-southeast1/backends/realtor/builds/build-2026-02-19-001","uid":"eafcae10-b06c-499d-80ee-90852445b706","etag":"mC0vu1cMAbV6HPE7wLTXExTjZLITPASk5VtNQH0mlRM","reconciling":false}]}
[debug] [2026-02-26T16:44:22.943Z] Checked if tokens are valid: true, expires at: 1772127320942
[debug] [2026-02-26T16:44:22.943Z] Checked if tokens are valid: true, expires at: 1772127320942
[debug] [2026-02-26T16:44:22.943Z] >>> [apiv2][query] POST https://firebaseapphosting.googleapis.com/v1beta/projects/realtor-c3a25/locations/asia-southeast1/backends/realtor/builds buildId=build-2026-02-26-002
[debug] [2026-02-26T16:44:22.943Z] >>> [apiv2][body] POST https://firebaseapphosting.googleapis.com/v1beta/projects/realtor-c3a25/locations/asia-southeast1/backends/realtor/builds {"source":{"archive":{"userStorageUri":"gs://firebaseapphosting-sources-795981954740-asia-southeast1/realtor--40839-zCdVCTAUU7pa-.zip","rootDirectory":"/"}},"labels":{"deployment-tool":"cli-firebase"}}
[debug] [2026-02-26T16:44:23.115Z] <<< [apiv2][status] POST https://firebaseapphosting.googleapis.com/v1beta/projects/realtor-c3a25/locations/asia-southeast1/backends/realtor/builds 200
[debug] [2026-02-26T16:44:23.115Z] <<< [apiv2][body] POST https://firebaseapphosting.googleapis.com/v1beta/projects/realtor-c3a25/locations/asia-southeast1/backends/realtor/builds {"name":"projects/realtor-c3a25/locations/asia-southeast1/operations/operation-1772124263055-64bbcd53281ee-3e99373e-c3910a5c","metadata":{"@type":"type.googleapis.com/google.firebase.apphosting.v1beta.OperationMetadata","createTime":"2026-02-26T16:44:23.101448180Z","target":"projects/realtor-c3a25/locations/asia-southeast1/backends/realtor/builds/build-2026-02-26-002","verb":"create","requestedCancellation":false,"apiVersion":"v1beta"},"done":false}
[debug] [2026-02-26T16:44:23.116Z] Checked if tokens are valid: true, expires at: 1772127320942
[debug] [2026-02-26T16:44:23.116Z] Checked if tokens are valid: true, expires at: 1772127320942
[debug] [2026-02-26T16:44:23.116Z] >>> [apiv2][query] POST https://firebaseapphosting.googleapis.com/v1beta/projects/realtor-c3a25/locations/asia-southeast1/backends/realtor/rollouts rolloutId=build-2026-02-26-002&validateOnly=true
[debug] [2026-02-26T16:44:23.116Z] >>> [apiv2][body] POST https://firebaseapphosting.googleapis.com/v1beta/projects/realtor-c3a25/locations/asia-southeast1/backends/realtor/rollouts {"build":"projects/realtor-c3a25/locations/asia-southeast1/backends/realtor/builds/build-2026-02-26-002","labels":{"deployment-tool":"cli-firebase"}}
[debug] [2026-02-26T16:44:23.267Z] <<< [apiv2][status] POST https://firebaseapphosting.googleapis.com/v1beta/projects/realtor-c3a25/locations/asia-southeast1/backends/realtor/rollouts 200
[debug] [2026-02-26T16:44:23.268Z] <<< [apiv2][body] POST https://firebaseapphosting.googleapis.com/v1beta/projects/realtor-c3a25/locations/asia-southeast1/backends/realtor/rollouts {"name":"","metadata":{},"done":true}
[debug] [2026-02-26T16:44:23.268Z] Checked if tokens are valid: true, expires at: 1772127320942
[debug] [2026-02-26T16:44:23.268Z] Checked if tokens are valid: true, expires at: 1772127320942
[debug] [2026-02-26T16:44:23.268Z] >>> [apiv2][query] POST https://firebaseapphosting.googleapis.com/v1beta/projects/realtor-c3a25/locations/asia-southeast1/backends/realtor/rollouts rolloutId=build-2026-02-26-002&validateOnly=false
[debug] [2026-02-26T16:44:23.268Z] >>> [apiv2][body] POST https://firebaseapphosting.googleapis.com/v1beta/projects/realtor-c3a25/locations/asia-southeast1/backends/realtor/rollouts {"build":"projects/realtor-c3a25/locations/asia-southeast1/backends/realtor/builds/build-2026-02-26-002","labels":{"deployment-tool":"cli-firebase"}}
[debug] [2026-02-26T16:44:23.501Z] <<< [apiv2][status] POST https://firebaseapphosting.googleapis.com/v1beta/projects/realtor-c3a25/locations/asia-southeast1/backends/realtor/rollouts 200
[debug] [2026-02-26T16:44:23.501Z] <<< [apiv2][body] POST https://firebaseapphosting.googleapis.com/v1beta/projects/realtor-c3a25/locations/asia-southeast1/backends/realtor/rollouts {"name":"projects/realtor-c3a25/locations/asia-southeast1/operations/operation-1772124263476-64bbcd538ee15-1f44e96f-0e92a8c5","metadata":{"@type":"type.googleapis.com/google.firebase.apphosting.v1beta.OperationMetadata","createTime":"2026-02-26T16:44:23.494277698Z","target":"projects/realtor-c3a25/locations/asia-southeast1/backends/realtor/rollouts/build-2026-02-26-002","verb":"create","requestedCancellation":false,"apiVersion":"v1beta"},"done":false}
[debug] [2026-02-26T16:44:23.502Z] Checked if tokens are valid: true, expires at: 1772127320942
[debug] [2026-02-26T16:44:23.502Z] Checked if tokens are valid: true, expires at: 1772127320942
[debug] [2026-02-26T16:44:23.502Z] Checked if tokens are valid: true, expires at: 1772127320942
[debug] [2026-02-26T16:44:23.503Z] Checked if tokens are valid: true, expires at: 1772127320942
[debug] [2026-02-26T16:44:23.503Z] >>> [apiv2][query] GET https://firebaseapphosting.googleapis.com/v1beta/projects/realtor-c3a25/locations/asia-southeast1/operations/operation-1772124263476-64bbcd538ee15-1f44e96f-0e92a8c5 [none]
[debug] [2026-02-26T16:44:23.503Z] >>> [apiv2][query] GET https://firebaseapphosting.googleapis.com/v1beta/projects/realtor-c3a25/locations/asia-southeast1/operations/operation-1772124263055-64bbcd53281ee-3e99373e-c3910a5c [none]
[debug] [2026-02-26T16:44:23.601Z] <<< [apiv2][status] GET https://firebaseapphosting.googleapis.com/v1beta/projects/realtor-c3a25/locations/asia-southeast1/operations/operation-1772124263476-64bbcd538ee15-1f44e96f-0e92a8c5 200
[debug] [2026-02-26T16:44:23.601Z] <<< [apiv2][body] GET https://firebaseapphosting.googleapis.com/v1beta/projects/realtor-c3a25/locations/asia-southeast1/operations/operation-1772124263476-64bbcd538ee15-1f44e96f-0e92a8c5 {"name":"projects/realtor-c3a25/locations/asia-southeast1/operations/operation-1772124263476-64bbcd538ee15-1f44e96f-0e92a8c5","metadata":{"@type":"type.googleapis.com/google.firebase.apphosting.v1beta.OperationMetadata","createTime":"2026-02-26T16:44:23.494277698Z","endTime":"2026-02-26T16:44:23.530665375Z","target":"projects/realtor-c3a25/locations/asia-southeast1/backends/realtor/rollouts/build-2026-02-26-002","verb":"create","requestedCancellation":false,"apiVersion":"v1beta"},"done":true,"response":{"@type":"type.googleapis.com/google.firebase.apphosting.v1beta.Rollout","name":"projects/realtor-c3a25/locations/asia-southeast1/backends/realtor/rollouts/build-2026-02-26-002","createTime":"2026-02-26T16:44:23.485757248Z","updateTime":"2026-02-26T16:44:23.526883Z","state":"QUEUED","build":"projects/realtor-c3a25/locations/asia-southeast1/backends/realtor/builds/build-2026-02-26-002","labels":{"deployment-tool":"cli-firebase"},"uid":"03eb00b8-76df-45c4-a235-141f2fed2f1d","etag":"mjnESVrY3r0OJo4PanAOTOTIoD2eLFnU3hdtKn_0-UM","reconciling":false}}
[debug] [2026-02-26T16:44:23.811Z] <<< [apiv2][status] GET https://firebaseapphosting.googleapis.com/v1beta/projects/realtor-c3a25/locations/asia-southeast1/operations/operation-1772124263055-64bbcd53281ee-3e99373e-c3910a5c 200
[debug] [2026-02-26T16:44:23.811Z] <<< [apiv2][body] GET https://firebaseapphosting.googleapis.com/v1beta/projects/realtor-c3a25/locations/asia-southeast1/operations/operation-1772124263055-64bbcd53281ee-3e99373e-c3910a5c {"name":"projects/realtor-c3a25/locations/asia-southeast1/operations/operation-1772124263055-64bbcd53281ee-3e99373e-c3910a5c","metadata":{"@type":"type.googleapis.com/google.firebase.apphosting.v1beta.OperationMetadata","createTime":"2026-02-26T16:44:23.101448180Z","target":"projects/realtor-c3a25/locations/asia-southeast1/backends/realtor/builds/build-2026-02-26-002","verb":"create","requestedCancellation":false,"apiVersion":"v1beta"},"done":false}
[debug] [2026-02-26T16:44:24.312Z] [create-realtor-c3a25-asia-southeast1-backend-realtor-build-build-2026-02-26-002] Retrying task index 0
[debug] [2026-02-26T16:44:24.312Z] Checked if tokens are valid: true, expires at: 1772127320942
[debug] [2026-02-26T16:44:24.312Z] Checked if tokens are valid: true, expires at: 1772127320942
[debug] [2026-02-26T16:44:24.313Z] >>> [apiv2][query] GET https://firebaseapphosting.googleapis.com/v1beta/projects/realtor-c3a25/locations/asia-southeast1/operations/operation-1772124263055-64bbcd53281ee-3e99373e-c3910a5c [none]
[debug] [2026-02-26T16:44:24.413Z] <<< [apiv2][status] GET https://firebaseapphosting.googleapis.com/v1beta/projects/realtor-c3a25/locations/asia-southeast1/operations/operation-1772124263055-64bbcd53281ee-3e99373e-c3910a5c 200
[debug] [2026-02-26T16:44:24.413Z] <<< [apiv2][body] GET https://firebaseapphosting.googleapis.com/v1beta/projects/realtor-c3a25/locations/asia-southeast1/operations/operation-1772124263055-64bbcd53281ee-3e99373e-c3910a5c {"name":"projects/realtor-c3a25/locations/asia-southeast1/operations/operation-1772124263055-64bbcd53281ee-3e99373e-c3910a5c","metadata":{"@type":"type.googleapis.com/google.firebase.apphosting.v1beta.OperationMetadata","createTime":"2026-02-26T16:44:23.101448180Z","target":"projects/realtor-c3a25/locations/asia-southeast1/backends/realtor/builds/build-2026-02-26-002","verb":"create","requestedCancellation":false,"apiVersion":"v1beta"},"done":false}
[debug] [2026-02-26T16:44:25.413Z] [create-realtor-c3a25-asia-southeast1-backend-realtor-build-build-2026-02-26-002] Retrying task index 0
[debug] [2026-02-26T16:44:25.413Z] Checked if tokens are valid: true, expires at: 1772127320942
[debug] [2026-02-26T16:44:25.413Z] Checked if tokens are valid: true, expires at: 1772127320942
[debug] [2026-02-26T16:44:25.413Z] >>> [apiv2][query] GET https://firebaseapphosting.googleapis.com/v1beta/projects/realtor-c3a25/locations/asia-southeast1/operations/operation-1772124263055-64bbcd53281ee-3e99373e-c3910a5c [none]
[debug] [2026-02-26T16:44:25.501Z] <<< [apiv2][status] GET https://firebaseapphosting.googleapis.com/v1beta/projects/realtor-c3a25/locations/asia-southeast1/operations/operation-1772124263055-64bbcd53281ee-3e99373e-c3910a5c 200
[debug] [2026-02-26T16:44:25.501Z] <<< [apiv2][body] GET https://firebaseapphosting.googleapis.com/v1beta/projects/realtor-c3a25/locations/asia-southeast1/operations/operation-1772124263055-64bbcd53281ee-3e99373e-c3910a5c {"name":"projects/realtor-c3a25/locations/asia-southeast1/operations/operation-1772124263055-64bbcd53281ee-3e99373e-c3910a5c","metadata":{"@type":"type.googleapis.com/google.firebase.apphosting.v1beta.OperationMetadata","createTime":"2026-02-26T16:44:23.101448180Z","target":"projects/realtor-c3a25/locations/asia-southeast1/backends/realtor/builds/build-2026-02-26-002","verb":"create","requestedCancellation":false,"apiVersion":"v1beta"},"done":false}
[debug] [2026-02-26T16:44:27.502Z] [create-realtor-c3a25-asia-southeast1-backend-realtor-build-build-2026-02-26-002] Retrying task index 0
[debug] [2026-02-26T16:44:27.502Z] Checked if tokens are valid: true, expires at: 1772127320942
[debug] [2026-02-26T16:44:27.502Z] Checked if tokens are valid: true, expires at: 1772127320942
[debug] [2026-02-26T16:44:27.503Z] >>> [apiv2][query] GET https://firebaseapphosting.googleapis.com/v1beta/projects/realtor-c3a25/locations/asia-southeast1/operations/operation-1772124263055-64bbcd53281ee-3e99373e-c3910a5c [none]
[debug] [2026-02-26T16:44:27.591Z] <<< [apiv2][status] GET https://firebaseapphosting.googleapis.com/v1beta/projects/realtor-c3a25/locations/asia-southeast1/operations/operation-1772124263055-64bbcd53281ee-3e99373e-c3910a5c 200
[debug] [2026-02-26T16:44:27.591Z] <<< [apiv2][body] GET https://firebaseapphosting.googleapis.com/v1beta/projects/realtor-c3a25/locations/asia-southeast1/operations/operation-1772124263055-64bbcd53281ee-3e99373e-c3910a5c {"name":"projects/realtor-c3a25/locations/asia-southeast1/operations/operation-1772124263055-64bbcd53281ee-3e99373e-c3910a5c","metadata":{"@type":"type.googleapis.com/google.firebase.apphosting.v1beta.OperationMetadata","createTime":"2026-02-26T16:44:23.101448180Z","target":"projects/realtor-c3a25/locations/asia-southeast1/backends/realtor/builds/build-2026-02-26-002","verb":"create","requestedCancellation":false,"apiVersion":"v1beta"},"done":false}
[debug] [2026-02-26T16:44:31.593Z] [create-realtor-c3a25-asia-southeast1-backend-realtor-build-build-2026-02-26-002] Retrying task index 0
[debug] [2026-02-26T16:44:31.593Z] Checked if tokens are valid: true, expires at: 1772127320942
[debug] [2026-02-26T16:44:31.593Z] Checked if tokens are valid: true, expires at: 1772127320942
[debug] [2026-02-26T16:44:31.594Z] >>> [apiv2][query] GET https://firebaseapphosting.googleapis.com/v1beta/projects/realtor-c3a25/locations/asia-southeast1/operations/operation-1772124263055-64bbcd53281ee-3e99373e-c3910a5c [none]
[debug] [2026-02-26T16:44:31.689Z] <<< [apiv2][status] GET https://firebaseapphosting.googleapis.com/v1beta/projects/realtor-c3a25/locations/asia-southeast1/operations/operation-1772124263055-64bbcd53281ee-3e99373e-c3910a5c 200
[debug] [2026-02-26T16:44:31.689Z] <<< [apiv2][body] GET https://firebaseapphosting.googleapis.com/v1beta/projects/realtor-c3a25/locations/asia-southeast1/operations/operation-1772124263055-64bbcd53281ee-3e99373e-c3910a5c {"name":"projects/realtor-c3a25/locations/asia-southeast1/operations/operation-1772124263055-64bbcd53281ee-3e99373e-c3910a5c","metadata":{"@type":"type.googleapis.com/google.firebase.apphosting.v1beta.OperationMetadata","createTime":"2026-02-26T16:44:23.101448180Z","target":"projects/realtor-c3a25/locations/asia-southeast1/backends/realtor/builds/build-2026-02-26-002","verb":"create","requestedCancellation":false,"apiVersion":"v1beta"},"done":false}
[debug] [2026-02-26T16:44:39.689Z] [create-realtor-c3a25-asia-southeast1-backend-realtor-build-build-2026-02-26-002] Retrying task index 0
[debug] [2026-02-26T16:44:39.689Z] Checked if tokens are valid: true, expires at: 1772127320942
[debug] [2026-02-26T16:44:39.690Z] Checked if tokens are valid: true, expires at: 1772127320942
[debug] [2026-02-26T16:44:39.690Z] >>> [apiv2][query] GET https://firebaseapphosting.googleapis.com/v1beta/projects/realtor-c3a25/locations/asia-southeast1/operations/operation-1772124263055-64bbcd53281ee-3e99373e-c3910a5c [none]
[debug] [2026-02-26T16:44:39.801Z] <<< [apiv2][status] GET https://firebaseapphosting.googleapis.com/v1beta/projects/realtor-c3a25/locations/asia-southeast1/operations/operation-1772124263055-64bbcd53281ee-3e99373e-c3910a5c 200
[debug] [2026-02-26T16:44:39.801Z] <<< [apiv2][body] GET https://firebaseapphosting.googleapis.com/v1beta/projects/realtor-c3a25/locations/asia-southeast1/operations/operation-1772124263055-64bbcd53281ee-3e99373e-c3910a5c {"name":"projects/realtor-c3a25/locations/asia-southeast1/operations/operation-1772124263055-64bbcd53281ee-3e99373e-c3910a5c","metadata":{"@type":"type.googleapis.com/google.firebase.apphosting.v1beta.OperationMetadata","createTime":"2026-02-26T16:44:23.101448180Z","target":"projects/realtor-c3a25/locations/asia-southeast1/backends/realtor/builds/build-2026-02-26-002","verb":"create","requestedCancellation":false,"apiVersion":"v1beta"},"done":false}
[debug] [2026-02-26T16:44:49.803Z] [create-realtor-c3a25-asia-southeast1-backend-realtor-build-build-2026-02-26-002] Retrying task index 0
[debug] [2026-02-26T16:44:49.803Z] Checked if tokens are valid: true, expires at: 1772127320942
[debug] [2026-02-26T16:44:49.803Z] Checked if tokens are valid: true, expires at: 1772127320942
[debug] [2026-02-26T16:44:49.803Z] >>> [apiv2][query] GET https://firebaseapphosting.googleapis.com/v1beta/projects/realtor-c3a25/locations/asia-southeast1/operations/operation-1772124263055-64bbcd53281ee-3e99373e-c3910a5c [none]
[debug] [2026-02-26T16:44:49.939Z] <<< [apiv2][status] GET https://firebaseapphosting.googleapis.com/v1beta/projects/realtor-c3a25/locations/asia-southeast1/operations/operation-1772124263055-64bbcd53281ee-3e99373e-c3910a5c 200
[debug] [2026-02-26T16:44:49.940Z] <<< [apiv2][body] GET https://firebaseapphosting.googleapis.com/v1beta/projects/realtor-c3a25/locations/asia-southeast1/operations/operation-1772124263055-64bbcd53281ee-3e99373e-c3910a5c {"name":"projects/realtor-c3a25/locations/asia-southeast1/operations/operation-1772124263055-64bbcd53281ee-3e99373e-c3910a5c","metadata":{"@type":"type.googleapis.com/google.firebase.apphosting.v1beta.OperationMetadata","createTime":"2026-02-26T16:44:23.101448180Z","target":"projects/realtor-c3a25/locations/asia-southeast1/backends/realtor/builds/build-2026-02-26-002","verb":"create","requestedCancellation":false,"apiVersion":"v1beta"},"done":false}
